{
  "RSpec": {
    "coverage": {
      "/home/leej/sunra/sunra/lib/sunra_utils/lib/sunra_utils/capture.rb": [
        null,
        null,
        null,
        null,
        null,
        1,
        1,
        null,
        1,
        1,
        null,
        1,
        1,
        null,
        null,
        1,
        null,
        1,
        1,
        null,
        1,
        null,
        1,
        null,
        1,
        null,
        null,
        null,
        null,
        null,
        null,
        null,
        null,
        null,
        null,
        null,
        null,
        1,
        17,
        17,
        17,
        17,
        null,
        17,
        null,
        null,
        17,
        null,
        null,
        null,
        null,
        1,
        2,
        1,
        null,
        null,
        null,
        null,
        null,
        null,
        null,
        null,
        null,
        1,
        10,
        10,
        null,
        null,
        null,
        null,
        1,
        null,
        null,
        null,
        null,
        null,
        null,
        0,
        null,
        null,
        null,
        null,
        1,
        0,
        null,
        null,
        null,
        null,
        null,
        null,
        null,
        null,
        null,
        null,
        null,
        null,
        1,
        9,
        null,
        9,
        8,
        8,
        null,
        8,
        null,
        8,
        null,
        null,
        8,
        null,
        8,
        0,
        null,
        null,
        8,
        8,
        8,
        null,
        null,
        null,
        8,
        null,
        null,
        8,
        null,
        1,
        0,
        null,
        null,
        1,
        null,
        null,
        null,
        null,
        null,
        1,
        9,
        9,
        null,
        null,
        null,
        null,
        null,
        1,
        11,
        null,
        8,
        0,
        null,
        null,
        8,
        8,
        8,
        8,
        null,
        8,
        0,
        null,
        null,
        8,
        null,
        null,
        1,
        null,
        null,
        null,
        1,
        8,
        null,
        null,
        null,
        null,
        null,
        null,
        null,
        null,
        null,
        null,
        1,
        8,
        0,
        null,
        8,
        null,
        null,
        null,
        null,
        8,
        null,
        8,
        8,
        null,
        null,
        null,
        null,
        null
      ],
      "/home/leej/sunra/sunra/lib/sunra_utils/lib/sunra_utils/logging.rb": [
        null,
        null,
        1,
        null,
        1,
        1,
        1,
        1,
        1,
        1,
        114,
        null,
        null,
        null,
        null,
        null,
        null,
        null,
        1,
        0,
        null,
        null,
        1,
        0,
        null,
        null,
        1,
        0,
        0,
        null,
        null,
        null,
        1,
        6,
        6,
        0,
        null,
        null,
        6,
        0,
        null,
        null,
        6,
        0,
        null,
        null,
        null,
        null,
        1,
        0,
        null,
        null,
        1,
        0,
        null,
        null,
        1,
        63,
        null,
        null,
        null,
        null
      ],
      "/home/leej/sunra/sunra/lib/sunra_utils/lib/sunra_utils/ps.rb": [
        null,
        null,
        null,
        1,
        null,
        null,
        null,
        null,
        null,
        null,
        1,
        1,
        1,
        1,
        null,
        1,
        1,
        null,
        null,
        1,
        null,
        null,
        null,
        null,
        null,
        null,
        null,
        null,
        null,
        null,
        1,
        3,
        3,
        3,
        3,
        null,
        1,
        null,
        null,
        null,
        null,
        null,
        null,
        null,
        null,
        null,
        null,
        1,
        17,
        17,
        23,
        null,
        1,
        null,
        null,
        null,
        null,
        null,
        null,
        null,
        null,
        null,
        null,
        1,
        89,
        89,
        89,
        89,
        89,
        null,
        1,
        null,
        null,
        null,
        null,
        null,
        null,
        null,
        null,
        null,
        null,
        null,
        null,
        null,
        1,
        15,
        1,
        null,
        14,
        null,
        null,
        15,
        null,
        15,
        14,
        null,
        18,
        null,
        null,
        15,
        15,
        8,
        4,
        null,
        null,
        28,
        null,
        null,
        15,
        0,
        0,
        null,
        0,
        0,
        null,
        null,
        1,
        null,
        null,
        null,
        null,
        null,
        null,
        null,
        null,
        null,
        null,
        null,
        null,
        null,
        null,
        null,
        null,
        1,
        3,
        3,
        3,
        5,
        2,
        null,
        1,
        null,
        null,
        null,
        null,
        null,
        0,
        null,
        1,
        null,
        1,
        null,
        null,
        null,
        null,
        null,
        null,
        null,
        null,
        null,
        null,
        null,
        null,
        null,
        1,
        null,
        null,
        0,
        null,
        0,
        null,
        null,
        null,
        null,
        null,
        null,
        null,
        null,
        null,
        null,
        null,
        null,
        null,
        null,
        null,
        null,
        null,
        null,
        null,
        0,
        null,
        0,
        0,
        null,
        0,
        0,
        0,
        0,
        null,
        0,
        0,
        null,
        null,
        null,
        null,
        0,
        0,
        null,
        null,
        0,
        null,
        0,
        0,
        0,
        null,
        null,
        null,
        0,
        null,
        0,
        null,
        null,
        null,
        null,
        null,
        1,
        1,
        1,
        null,
        null,
        null,
        1,
        null,
        null,
        null,
        1,
        10,
        null,
        null,
        null,
        null,
        null,
        null,
        null,
        null,
        null,
        1,
        10,
        10,
        23,
        null,
        null,
        12,
        10,
        null,
        10,
        10,
        null,
        1,
        null,
        null,
        null,
        null,
        null,
        null,
        null
      ],
      "/home/leej/sunra/sunra/lib/sunra_utils/lib/sunra_utils/config/capture.rb": [
        null,
        null,
        null,
        null,
        1,
        null,
        1,
        1,
        1,
        null,
        null,
        null,
        1,
        1,
        null,
        null,
        null,
        null,
        null,
        null,
        null,
        null,
        null,
        1,
        null,
        null,
        1,
        9,
        null,
        9,
        9,
        null,
        9,
        9,
        9,
        9,
        null,
        9,
        9,
        9,
        null,
        null,
        9,
        null,
        null,
        1,
        null,
        null,
        1,
        null,
        null,
        36,
        9,
        null,
        null,
        1,
        27,
        null,
        null,
        null,
        null,
        1,
        0,
        null,
        9,
        null,
        null,
        null,
        null,
        null
      ],
      "/home/leej/sunra/sunra/lib/sunra_utils/lib/sunra_utils/config/base.rb": [
        1,
        null,
        1,
        1,
        1,
        1,
        1,
        22,
        null,
        18,
        null,
        null,
        1,
        14,
        14,
        14,
        null,
        null,
        null,
        null,
        null
      ],
      "/home/leej/sunra/sunra/lib/sunra_utils/lib/sunra_utils/config/global.rb": [
        null,
        null,
        null,
        null,
        null,
        1,
        null,
        1,
        1,
        1,
        null,
        null,
        null,
        null,
        1,
        1,
        1,
        null,
        null,
        null,
        null,
        null,
        null,
        null,
        null,
        1,
        null,
        null,
        null,
        null,
        null,
        null,
        null,
        null,
        1,
        3,
        null,
        2,
        2,
        2,
        2,
        null,
        2,
        10,
        2,
        null,
        null,
        null,
        1,
        null,
        null,
        null,
        null
      ],
      "/home/leej/sunra/sunra/lib/sunra_utils/lib/sunra_utils/config/hls.rb": [
        null,
        null,
        null,
        null,
        null,
        null,
        null,
        null,
        1,
        null,
        1,
        1,
        1,
        null,
        null,
        null,
        1,
        1,
        1,
        null,
        null,
        null,
        null,
        null,
        null,
        null,
        null,
        null,
        null,
        null,
        1,
        null,
        null,
        null,
        null,
        null,
        null,
        null,
        null,
        null,
        1,
        3,
        2,
        2,
        2,
        2,
        2,
        2,
        null,
        2,
        null,
        null,
        1,
        null,
        null,
        null,
        null
      ],
      "/home/leej/sunra/sunra/lib/sunra_utils/lib/sunra_utils/config/relay.rb": [
        null,
        null,
        null,
        null,
        null,
        null,
        1,
        null,
        1,
        1,
        1,
        null,
        null,
        null,
        1,
        1,
        1,
        null,
        null,
        null,
        null,
        null,
        null,
        null,
        null,
        null,
        null,
        null,
        null,
        null,
        null,
        1,
        3,
        null,
        2,
        2,
        2,
        2,
        2,
        2,
        null,
        null,
        1,
        null,
        null,
        null,
        null
      ],
      "/home/leej/sunra/sunra/lib/sunra_utils/lib/sunra_utils/config/uploader.rb": [
        null,
        null,
        null,
        null,
        null,
        1,
        null,
        1,
        1,
        1,
        null,
        null,
        null,
        1,
        1,
        1,
        null,
        null,
        null,
        null,
        null,
        null,
        null,
        null,
        null,
        null,
        null,
        null,
        null,
        null,
        null,
        null,
        null,
        null,
        1,
        13,
        null,
        12,
        12,
        12,
        12,
        12,
        12,
        null,
        12,
        null,
        null,
        1,
        null,
        null,
        null,
        null
      ],
      "/home/leej/sunra/sunra/lib/sunra_utils/lib/sunra_utils/lockfile.rb": [
        null,
        null,
        1,
        1,
        null,
        null,
        null,
        null,
        1,
        null,
        null,
        null,
        null,
        null,
        null,
        null,
        1,
        22,
        null,
        null,
        null,
        null,
        null,
        null,
        null,
        null,
        null,
        1,
        22,
        null,
        22,
        2,
        null,
        null,
        22,
        61,
        null,
        null,
        null,
        null,
        null,
        1,
        6,
        null,
        null,
        null,
        null,
        1,
        46,
        null,
        null,
        null,
        null,
        1,
        4,
        null,
        null,
        null,
        null,
        null,
        null,
        1,
        null,
        null,
        1,
        1,
        null,
        null,
        null,
        null,
        1,
        5,
        null,
        null,
        null,
        null,
        1,
        2,
        null,
        null,
        null,
        null,
        1,
        5,
        null,
        null,
        null,
        null,
        1,
        2,
        null,
        null,
        null,
        null,
        null
      ],
      "/home/leej/sunra/sunra/lib/sunra_utils/lib/sunra_utils/recording_db_proxy.rb": [
        null,
        null,
        1,
        1,
        null,
        1,
        1,
        null,
        1,
        null,
        1,
        1,
        1,
        null,
        null,
        null,
        null,
        null,
        null,
        1,
        1,
        null,
        1,
        null,
        null,
        null,
        null,
        null,
        null,
        null,
        1,
        1,
        1,
        null,
        1,
        null,
        null,
        1,
        0,
        null,
        null,
        1,
        0,
        null,
        null,
        null,
        null,
        null,
        null,
        null,
        null,
        1,
        5,
        5,
        null,
        null,
        null,
        null,
        0,
        null,
        null,
        5,
        null,
        4,
        null,
        null,
        null,
        null,
        null,
        1,
        1,
        null,
        1,
        1,
        null,
        null,
        null,
        0,
        1,
        1,
        null,
        null,
        null,
        null,
        null,
        null,
        null,
        null,
        null,
        1,
        1,
        1,
        3,
        6,
        null,
        null,
        1,
        1,
        null,
        1,
        1,
        null,
        null,
        null,
        0,
        null,
        null,
        1,
        0,
        null,
        0,
        0,
        null,
        null,
        null,
        0,
        null,
        0,
        0,
        0,
        null,
        null,
        null,
        1,
        0,
        null,
        0,
        0,
        null,
        null,
        null,
        null,
        null,
        0,
        0,
        0,
        null,
        null,
        null,
        1,
        null,
        null,
        null,
        null,
        null,
        null,
        1,
        1,
        null,
        null,
        null,
        1,
        null,
        null,
        null,
        null,
        null,
        null,
        null,
        null,
        null,
        0,
        0,
        null,
        0,
        0,
        null,
        null,
        null,
        null,
        null,
        null,
        null,
        null,
        null,
        null,
        null,
        1,
        0,
        null,
        null,
        null,
        null,
        null,
        0,
        0,
        null,
        0,
        0,
        null,
        null,
        null,
        null,
        null,
        null,
        null,
        null,
        null,
        0,
        0,
        null,
        null,
        0,
        0,
        0,
        0,
        0,
        null,
        null,
        null,
        null,
        null,
        null,
        null,
        null,
        null,
        null,
        null,
        null,
        null,
        null,
        null,
        null,
        null,
        null,
        null,
        null,
        null,
        null
      ],
      "/home/leej/sunra/sunra/lib/sunra_utils/lib/sunra_utils/rest_client.rb": [
        null,
        null,
        null,
        null,
        1,
        1,
        null,
        1,
        1,
        null,
        null,
        1,
        1,
        null,
        1,
        null,
        null,
        null,
        1,
        null,
        1,
        1,
        1,
        1,
        1,
        1,
        1,
        null,
        1,
        1,
        1,
        1,
        null,
        1,
        null,
        null,
        1,
        0,
        0,
        0,
        0,
        null,
        null,
        null,
        null,
        1,
        0,
        0,
        0,
        0,
        null,
        null,
        null,
        null,
        1,
        0,
        0,
        0,
        0,
        null,
        null,
        null,
        1,
        null,
        1,
        0,
        0,
        null,
        0,
        null,
        0,
        null,
        0,
        null,
        0,
        null,
        0,
        null,
        0,
        0,
        null,
        0,
        0,
        0,
        0,
        null,
        null,
        null,
        null,
        null,
        null,
        1,
        0,
        null,
        null,
        null,
        1,
        0,
        null,
        null,
        1,
        0,
        null,
        null,
        1,
        0,
        null,
        null,
        null,
        null
      ],
      "/home/leej/sunra/sunra/lib/sunra_utils/lib/sunra_utils/service.rb": [
        null,
        null,
        null,
        null,
        null,
        null,
        null,
        null,
        null,
        null,
        null,
        null,
        null,
        null,
        1,
        1,
        1,
        null,
        null,
        1,
        0,
        null,
        null,
        null,
        null,
        null,
        null,
        null,
        0,
        null,
        null,
        null,
        null,
        1,
        0,
        0,
        null,
        null,
        null,
        null,
        null,
        null,
        null,
        null,
        null,
        null,
        null,
        1,
        0,
        null,
        0,
        null,
        0,
        null,
        0,
        null,
        0,
        0,
        null,
        0,
        null,
        0,
        null,
        null,
        null,
        null,
        null
      ],
      "/home/leej/sunra/sunra/lib/sunra_utils/lib/sunra_utils/sftp_uploader.rb": [
        1,
        1,
        null,
        1,
        null,
        1,
        1,
        1,
        null,
        null,
        null,
        null,
        null,
        null,
        1,
        1,
        null,
        1,
        null,
        null,
        null,
        null,
        null,
        1,
        null,
        1,
        null,
        1,
        null,
        null,
        1,
        14,
        14,
        null,
        null,
        14,
        14,
        null,
        null,
        null,
        1,
        0,
        null,
        null,
        null,
        null,
        1,
        0,
        null,
        null,
        null,
        null,
        null,
        null,
        null,
        null,
        null,
        null,
        null,
        null,
        null,
        1,
        null,
        5,
        null,
        5,
        null,
        null,
        1,
        5,
        null,
        5,
        5,
        null,
        null,
        null,
        null,
        null,
        5,
        null,
        5,
        null,
        null,
        null,
        null,
        1,
        5,
        8,
        8,
        null,
        null,
        null,
        null,
        null,
        null,
        null,
        null,
        null,
        1,
        6,
        10,
        5,
        null,
        null,
        null,
        null,
        null,
        null,
        null,
        null,
        null,
        1,
        8,
        14,
        7,
        null,
        null,
        null,
        null,
        null,
        null,
        null,
        null,
        null,
        1,
        8,
        14,
        7,
        null,
        null,
        null,
        null,
        null,
        null,
        null,
        null,
        null,
        1,
        26,
        52,
        null,
        null,
        null,
        1,
        null,
        null,
        null,
        1,
        50,
        0,
        null,
        50,
        null,
        null,
        null,
        null,
        null,
        null,
        1,
        50,
        50,
        null,
        null,
        null,
        null,
        null
      ],
      "/home/leej/sunra/sunra/lib/sunra_utils/lib/sunra_utils/sftp_upload_handler.rb": [
        1,
        null,
        1,
        1,
        1,
        null,
        1,
        1,
        null,
        1,
        null,
        null,
        null,
        null,
        null,
        null,
        1,
        14,
        null,
        null,
        1,
        5,
        5,
        5,
        5,
        5,
        null,
        null,
        1,
        5,
        5,
        null,
        null,
        1,
        5,
        5,
        null,
        null,
        1,
        0,
        null,
        null,
        1,
        5,
        5,
        null,
        null,
        1,
        null,
        null,
        null,
        null,
        null,
        null,
        null,
        0,
        null,
        null,
        1,
        19,
        19,
        19,
        19,
        19,
        19,
        null,
        null,
        null,
        null,
        null
      ]
    },
    "timestamp": 1412794349
  }
}
